[info] Log at : 2025/11/26|19:12:16|GMT+0800

[info] Log at : 2025/11/26|19:19:15|GMT+0800

[info] Log at : 2025/11/26|19:19:33|GMT+0800

[info] Log at : 2025/11/26|19:21:14|GMT+0800

[info] Log at : 2025/11/26|19:21:23|GMT+0800

[info] Log at : 2025/11/26|19:22:56|GMT+0800

[SyntaxError: Expected ',' or ']' after array element in JSON at position 24063 (line 521 column 2)
	at JSON.parse (<anonymous>)
	at F.updateCppProperties (c:\Users\zjy11\.cursor\extensions\cl.keil-assistant-1.7.0\dist\extension.js:1:10849)
	at F.<anonymous> (c:\Users\zjy11\.cursor\extensions\cl.keil-assistant-1.7.0\dist\extension.js:1:12579)
	at Generator.next (<anonymous>)
	at c:\Users\zjy11\.cursor\extensions\cl.keil-assistant-1.7.0\dist\extension.js:1:4480
	at new Promise (<anonymous>)
	at r (c:\Users\zjy11\.cursor\extensions\cl.keil-assistant-1.7.0\dist\extension.js:1:4225)
	at F.load (c:\Users\zjy11\.cursor\extensions\cl.keil-assistant-1.7.0\dist\extension.js:1:11310)
	at w.<anonymous> (c:\Users\zjy11\.cursor\extensions\cl.keil-assistant-1.7.0\dist\extension.js:1:8737)
	at Generator.next (<anonymous>)
	at a (c:\Users\zjy11\.cursor\extensions\cl.keil-assistant-1.7.0\dist\extension.js:1:4282)]
[info] Log at : 2025/11/26|19:26:07|GMT+0800

[info] Log at : 2025/11/26|19:28:03|GMT+0800

[info] Log at : 2025/11/27|09:53:06|GMT+0800

