*** Using Compiler 'V6.24', folder: 'D:\Keil_v5\ARM\ArmCompilerforEmbedded6.24\Bin'
Rebuild target 'stm32_G474QETx'
compiling data_mgmt.c...
compiling proto_custom.c...
compiling main.c...
compiling safety.c...
compiling board.c...
compiling major_logic.c...
compiling custom_slave.c...
compiling gpio.c...
compiling ecg_sync.c...
compiling current_monitor.c...
compiling SEGGER_RTT.c...
compiling pulse_engine.c...
compiling cmd_handler.c...
compiling proto.c...
compiling adc.c...
compiling watchdog.c...
compiling serial.c...
compiling mtd_core.c...
compiling hwtimer.c...
compiling bsp_adc.c...
compiling bsp_gpio.c...
compiling bsp_it.c...
compiling bsp_flash_test.c...
compiling bsp_hwtimer.c...
compiling bsp_iwdg.c...
compiling bsp_usart.c...
compiling bsp_hrtim.c...
compiling bsp_sram.c...
compiling bsp_flash.c...
compiling bsp_tim.c...
compiling bsp_comp.c...
compiling stm32g4xx_hal.c...
compiling bsp_dac.c...
compiling stm32g4xx_hal_cortex.c...
compiling stm32g4xx_hal_comp.c...
compiling stm32g4xx_hal_dac.c...
compiling stm32g4xx_hal_dma_ex.c...
compiling stm32g4xx_hal_dma.c...
compiling stm32g4xx_hal_dac_ex.c...
compiling stm32g4xx_hal_exti.c...
compiling stm32g4xx_hal_adc_ex.c...
compiling stm32g4xx_hal_flash.c...
compiling stm32g4xx_hal_adc.c...
compiling stm32g4xx_hal_fmac.c...
compiling stm32g4xx_hal_flash_ramfunc.c...
compiling stm32g4xx_hal_flash_ex.c...
compiling stm32g4xx_hal_gpio.c...
compiling stm32g4xx_hal_pwr.c...
compiling stm32g4xx_hal_pwr_ex.c...
compiling stm32g4xx_hal_rcc.c...
compiling stm32g4xx_hal_sram.c...
compiling stm32g4xx_hal_rcc_ex.c...
compiling stm32g4xx_ll_adc.c...
compiling stm32g4xx_hal_uart_ex.c...
compiling stm32g4xx_ll_dma.c...
compiling stm32g4xx_ll_gpio.c...
compiling stm32g4xx_ll_fmc.c...
assembling startup_stm32g474xx.s...
compiling system_stm32g4xx.c...
compiling kfifo.c...
compiling stm32g4xx_ll_hrtim.c...
compiling stm32g4xx_hal_tim_ex.c...
compiling kmutex.c...
compiling atomic.c...
compiling stimer.c...
compiling log.c...
compiling crc.c...
compiling uart_test.c...
compiling retarget_io.c...
compiling stm32g4xx_hal_uart.c...
compiling sort_algo.c...
compiling stm32g4xx_hal_tim.c...
compiling led_test.c...
linking...
Program Size: Code=65214 RO-data=4042 RW-data=7104 ZI-data=24920  
FromELF: creating hex file...
".\Objects\pulser.axf" - 0 Error(s), 0 Warning(s).
Build Time Elapsed:  00:00:07
